<?xml version="1.0" encoding="UTF-8"?>
<!-- Generated by org.testng.reporters.JUnitReportReporter -->
<testsuite skipped="0" hostname="DESKTOP-BL03I3N" name="com.training.sanity.tests.RTTC_019_DeleteReturnedProduct" tests="2" failures="0" timestamp="03 Jul 2019 07:35:58 GMT" time="30.765" errors="0">
  <testcase name="returnDeletedProducts" time="18.430" classname="com.training.sanity.tests.RTTC_019_DeleteReturnedProduct"/>
  <testcase name="LoginTest" time="12.335" classname="com.training.sanity.tests.RTTC_019_DeleteReturnedProduct"/>
</testsuite> <!-- com.training.sanity.tests.RTTC_019_DeleteReturnedProduct -->
