<?xml version="1.0" encoding="UTF-8"?>
<!-- Generated by org.testng.reporters.JUnitReportReporter -->
<testsuite skipped="0" hostname="DESKTOP-BL03I3N" name="com.training.sanity.tests.RTTC_050_EditCustDetail_AddRewardPoints" tests="2" failures="0" timestamp="11 Jul 2019 11:40:33 GMT" time="24.441" errors="0">
  <testcase name="editCustDetails" time="16.147" classname="com.training.sanity.tests.RTTC_050_EditCustDetail_AddRewardPoints"/>
  <testcase name="LoginTest" time="8.294" classname="com.training.sanity.tests.RTTC_050_EditCustDetail_AddRewardPoints"/>
</testsuite> <!-- com.training.sanity.tests.RTTC_050_EditCustDetail_AddRewardPoints -->
