<?xml version="1.0" encoding="UTF-8"?>
<!-- Generated by org.testng.reporters.JUnitReportReporter -->
<testsuite skipped="0" hostname="DESKTOP-BL03I3N" name="com.training.sanity.tests.RTTC_020_FilterCustomersViaAdmin" tests="2" failures="0" timestamp="10 Jul 2019 05:21:38 GMT" time="30.675" errors="0">
  <testcase name="LoginTest" time="9.841" classname="com.training.sanity.tests.RTTC_020_FilterCustomersViaAdmin"/>
  <testcase name="deleteCustViaAdmin" time="20.834" classname="com.training.sanity.tests.RTTC_020_FilterCustomersViaAdmin"/>
</testsuite> <!-- com.training.sanity.tests.RTTC_020_FilterCustomersViaAdmin -->
