<?xml version="1.0" encoding="UTF-8"?>
<!-- Generated by org.testng.reporters.JUnitReportReporter -->
<testsuite skipped="0" hostname="DESKTOP-BL03I3N" name="com.training.sanity.tests.RTTC_021_DeleteCustViaAdmin" tests="2" failures="0" timestamp="04 Jul 2019 05:57:32 GMT" time="42.568" errors="0">
  <testcase name="LoginTest" time="13.349" classname="com.training.sanity.tests.RTTC_021_DeleteCustViaAdmin"/>
  <testcase name="deleteCustViaEmail" time="29.219" classname="com.training.sanity.tests.RTTC_021_DeleteCustViaAdmin"/>
</testsuite> <!-- com.training.sanity.tests.RTTC_021_DeleteCustViaAdmin -->
