<?xml version="1.0" encoding="UTF-8"?>
<!-- Generated by org.testng.reporters.JUnitReportReporter -->
<testsuite skipped="0" hostname="DESKTOP-BL03I3N" name="com.training.sanity.tests.NewTest" tests="1" failures="0" timestamp="27 Jun 2019 04:51:49 GMT" time="0.050" errors="0">
  <testcase name="f" time="0.050" classname="com.training.sanity.tests.NewTest"/>
</testsuite> <!-- com.training.sanity.tests.NewTest -->
