<?xml version="1.0" encoding="UTF-8"?>
<!-- Generated by org.testng.reporters.JUnitReportReporter -->
<testsuite skipped="0" hostname="DESKTOP-BL03I3N" name="com.training.sanity.tests.RTTC_053_GenrateInvoiceAndChangeOrderStatus" tests="2" failures="0" timestamp="12 Jul 2019 11:57:36 GMT" time="15.977" errors="0">
  <testcase name="generateInvoiceChangeOrderStatus" time="7.796" classname="com.training.sanity.tests.RTTC_053_GenrateInvoiceAndChangeOrderStatus"/>
  <testcase name="LoginTest" time="8.181" classname="com.training.sanity.tests.RTTC_053_GenrateInvoiceAndChangeOrderStatus"/>
</testsuite> <!-- com.training.sanity.tests.RTTC_053_GenrateInvoiceAndChangeOrderStatus -->
